The system is: Windows - 10.0.19044 - AMD64
Compiling the CXX compiler identification source file "CMakeCXXCompilerId.cpp" succeeded.
Compiler: C:/Program Files/Microsoft Visual Studio/2022/Community/VC/Tools/MSVC/14.34.31933/bin/Hostx64/x64/cl.exe 
Build flags: 
Id flags:  

The output was:
0
Compilador de optimización de C/C++ de Microsoft (R) versión 19.34.31933 para x64
(C) Microsoft Corporation. Todos los derechos reservados.

CMakeCXXCompilerId.cpp
Microsoft (R) Incremental Linker Version 14.34.31933.0
Copyright (C) Microsoft Corporation.  All rights reserved.

/out:CMakeCXXCompilerId.exe 
CMakeCXXCompilerId.obj 


Compilation of the CXX compiler identification source "CMakeCXXCompilerId.cpp" produced "CMakeCXXCompilerId.exe"

Compilation of the CXX compiler identification source "CMakeCXXCompilerId.cpp" produced "CMakeCXXCompilerId.obj"

The CXX compiler identification is MSVC, found in "E:/Joanesen lanak/AdvProTechsTensor/AdvProTechsTensor/out/build/x64-debug/CMakeFiles/3.24.202208181-MSVC_2/CompilerIdCXX/CMakeCXXCompilerId.exe"

Detecting CXX compiler ABI info compiled with the following output:
Change Dir: E:/Joanesen lanak/AdvProTechsTensor/AdvProTechsTensor/out/build/x64-debug/CMakeFiles/CMakeTmp

Run Build Command(s):C:/Program Files/Microsoft Visual Studio/2022/Community/Common7/IDE/CommonExtensions/Microsoft/CMake/Ninja/ninja.exe cmTC_97a8b && [1/2] Building CXX object CMakeFiles\cmTC_97a8b.dir\CMakeCXXCompilerABI.cpp.obj
[2/2] Linking CXX executable cmTC_97a8b.exe



